C51 COMPILER V9.01   5050RGB                                                               09/07/2019 20:50:40 PAGE 1   


C51 COMPILER V9.01, COMPILATION OF MODULE 5050RGB
OBJECT MODULE PLACED IN 5050rgb.obj
COMPILER INVOKED BY: D:\Program Files\Keil\C51\BIN\C51.EXE driver+user\5050rgb.c LARGE BROWSE DEBUG OBJECTEXTEND PRINT(.
                    -\5050rgb.lst) OBJECT(5050rgb.obj)

line level    source

   1          #ifndef _5050RGB_C
   2          #define _5050RGB_C
   3          
   4          #include "config.h"
   5          #include "5050rgb.h"
   6          #include "pwm.h"
   7          
   8          #endif
   9          
  10          unsigned char rgb_dc[3];
  11          
  12          void configpwm(unsigned int dcr,unsigned int dcg,unsigned int dcb)
  13          {
  14   1          P_SW2|=0X80;      //访问拓展RAM
  15   1      
  16   1          pwm3_config(dcb);
  17   1              pwm4_config(dcr);
  18   1              pwm5_config(dcg);
  19   1      
  20   1              P_SW2&=~0X80;     //做个了断
  21   1      }
  22          
  23          void pwm_inter() interrupt 22
  24          {
  25   1          static char dir=0;
  26   1              static int  val=0;
  27   1      
  28   1              if(PWMIF&0x40)
  29   1              {
  30   2                  PWMIF&=~0X40;  //软件置零
  31   2      
  32   2      /*
  33   2                      configpwm(val,0x7ff,0x800-val);
  34   2      
  35   2                      P_SW2|=0X80;
  36   2                      PWM4T2=val;
  37   2                      PWM3T2=0X800-val;
  38   2                      PWM5T2=0X7FF;
  39   2                      P_SW2&=~0X80;                             */
  40   2                      
  41   2                      switch(dir)
  42   2                      {
  43   3                          case 0:configpwm(0x7ffL-val,val+1,1);break;
  44   3                              case 1:configpwm(1,0x7ffL-val,val+1);break;
  45   3                              case 2:configpwm(val+1,1,0x7ffL-val);break;
  46   3                      }                                                                 
  47   2      
  48   2                      if(val>=0x7feL) 
  49   2                      {
  50   3                          val=0;
  51   3      
  52   3                              if(dir==2) dir=0;
  53   3                              else dir++;
  54   3                      }
C51 COMPILER V9.01   5050RGB                                                               09/07/2019 20:50:40 PAGE 2   

  55   2      
  56   2                      else if(rgb_change) val++;                
  57   2              }         
  58   1      }


MODULE INFORMATION:   STATIC OVERLAYABLE
   CODE SIZE        =    291    ----
   CONSTANT SIZE    =   ----    ----
   XDATA SIZE       =      6       4
   PDATA SIZE       =   ----    ----
   DATA SIZE        =   ----    ----
   IDATA SIZE       =   ----    ----
   BIT SIZE         =   ----    ----
END OF MODULE INFORMATION.


C51 COMPILATION COMPLETE.  0 WARNING(S),  0 ERROR(S)
