C51 COMPILER V9.01   OVERFLOW                                                              09/07/2019 20:50:40 PAGE 1   


C51 COMPILER V9.01, COMPILATION OF MODULE OVERFLOW
OBJECT MODULE PLACED IN overflow.obj
COMPILER INVOKED BY: D:\Program Files\Keil\C51\BIN\C51.EXE driver+user\overflow.c LARGE BROWSE DEBUG OBJECTEXTEND PRINT(
                    -.\overflow.lst) OBJECT(overflow.obj)

line level    source

   1          #ifndef _OVERFLOW_C
   2          #define _OVERFLOW_C
   3          
   4          #include "config.h"
   5          #include "overflow.h"
   6          #include "UART.h"
   7          #include "74hc595.h"
   8          #include "infrared.h"
   9          
  10          #endif
  11          
  12          bit T4_flag=0,T4_flag2=0;
  13          
  14          void timer_4_ini()                                                                      //25ms
  15          {
  16   1          T4L=0X4C;
  17   1              T4H=0X80;
  18   1              
  19   1              T4T3M&=0X0F;
  20   1              T4T3M|=0X80;
  21   1              IE2|=0X40;
  22   1      }
  23          
  24          void timer_4() interrupt 20
  25          {
  26   1          static unsigned char cnt=0;
  27   1      
  28   1              if(cnt==2)
  29   1              {
  30   2                  cnt=0;
  31   2                      T4_flag2=1;
  32   2              }
  33   1              cnt++;
  34   1      
  35   1          T4_flag=1;
  36   1      
  37   1              uart_monitor();
  38   1      
  39   1              tube_monitor();
  40   1      
  41   1              
  42   1      
  43   1      }                
  44          


MODULE INFORMATION:   STATIC OVERLAYABLE
   CODE SIZE        =     97    ----
   CONSTANT SIZE    =   ----    ----
   XDATA SIZE       =      1    ----
   PDATA SIZE       =   ----    ----
   DATA SIZE        =   ----    ----
   IDATA SIZE       =   ----    ----
   BIT SIZE         =      2    ----
C51 COMPILER V9.01   OVERFLOW                                                              09/07/2019 20:50:40 PAGE 2   

END OF MODULE INFORMATION.


C51 COMPILATION COMPLETE.  0 WARNING(S),  0 ERROR(S)
