C51 COMPILER V9.01   TIMER_INIT                                                            08/26/2019 21:36:20 PAGE 1   


C51 COMPILER V9.01, COMPILATION OF MODULE TIMER_INIT
OBJECT MODULE PLACED IN timer_init.obj
COMPILER INVOKED BY: D:\Program Files\Keil\C51\BIN\C51.EXE driver+user\timer_init.c BROWSE DEBUG OBJECTEXTEND PRINT(.\ti
                    -mer_init.lst) OBJECT(timer_init.obj)

line level    source

   1          #ifndef _TIMER_INIT_C
   2          #define _TIMER_INIT_C
   3          
   4          #include "config.h"
   5          #include "timer_init.h"
   6          #include "5050rgb.h"
   7          #include "DS1302.h"
   8          #include "pwm.h"
   9          
  10          #endif
  11          
  12          bit should_get_time_flag=0;
  13          
  14                     //pwmÉèÖÃ
  15          {
*** ERROR C141 IN LINE 15 OF DRIVER+USER\TIMER_INIT.C: syntax error near '{'
  16              static bit dir=1;
  17                  static int val=0;
  18          
  19                  if(PWMIF&0x40)
*** ERROR C141 IN LINE 19 OF DRIVER+USER\TIMER_INIT.C: syntax error near 'if'
*** ERROR C141 IN LINE 19 OF DRIVER+USER\TIMER_INIT.C: syntax error near '&', expected ')'
  20                  {
  21                      PWMIF&=~0X40;  //Èí¼þÖÃÁã
*** ERROR C129 IN LINE 21 OF DRIVER+USER\TIMER_INIT.C: missing ';' before '&='
  22          
  23                          if(dir)
  24                          {
  25                              val++;
  26                                  if(val>=CYCLE) dir=0;
  27                          }
  28                          else
  29                          {
  30                              val--;
  31                                  if(val<=1) dir=1;
  32                          }
  33          
  34                          P_SW2|=0X80;
  35                          PWM7T2=val;
  36                          P_SW2&=~0X80;
  37                  }
  38          }
  39          
  40          

C51 COMPILATION COMPLETE.  0 WARNING(S),  4 ERROR(S)
