C51 COMPILER V9.01   UART                                                                  09/07/2019 20:50:38 PAGE 1   


C51 COMPILER V9.01, COMPILATION OF MODULE UART
OBJECT MODULE PLACED IN UART.obj
COMPILER INVOKED BY: D:\Program Files\Keil\C51\BIN\C51.EXE driver+user\UART.c LARGE BROWSE DEBUG OBJECTEXTEND PRINT(.\UA
                    -RT.lst) OBJECT(UART.obj)

line level    source

   1          #ifndef _UART_C
   2          #define _UART_C
   3          
   4          #include "config.h"
   5          #include "UART.h"
   6          
   7          #endif
   8          
   9          #define RXD_MAX 30
  10          
  11          bit txd_flag=0;                                                          //两者为1代表忙
  12          bit rxd_flag=0;
  13          bit rxd_complete=0;                                                      //rxd完成
  14          bit rxd_overflow=0;                                                      //接收溢出
  15          unsigned char rxd_index=0;                                       //接收字符个数
  16          unsigned char pdata buf_rxd[RXD_MAX];                    //接收缓冲
  17          
  18          unsigned char TH2_ini,TL2_ini;
  19          unsigned char cnt=0;                                             //超时计数器
  20          
  21          void uart_config(unsigned int baud)
  22          {
  23   1          if(baud!=0x8400)
  24   1              {
  25   2                  TL2_ini=65536-Fosc/(baud*4);
  26   2                  TH2_ini=(65536-Fosc/baud/4)>>8;
  27   2              }
  28   1              else
  29   1              {
  30   2                  TL2_ini=0XF4;
  31   2                      TH2_ini=0XFF;
  32   2              }
  33   1              
  34   1              EA=1;
  35   1      
  36   1              SCON=0X50;                        //开启接收
  37   1              ES=1;                    
  38   1              AUXR|=0X15;                       //T2作为波特率发生器,T2速度加倍,T2开始计时
  39   1      
  40   1          T2L=TL2_ini;                  //初值
  41   1              T2H=TH2_ini;
  42   1      
  43   1      }
  44          
  45          void uart_write(unsigned char *buf)
  46          {
  47   1          while(*buf!='\0')
  48   1          {
  49   2              while(txd_flag);
  50   2                  txd_flag=1;
  51   2                  SBUF=*buf++;          
  52   2          }
  53   1      }
  54          
C51 COMPILER V9.01   UART                                                                  09/07/2019 20:50:38 PAGE 2   

  55          void uart_read(unsigned char *buf)
  56          {
  57   1          unsigned char i=0;  
  58   1          for(i=0;i<=rxd_index;i++)
  59   1          {
  60   2              *buf++=buf_rxd[i];
  61   2          }
  62   1              rxd_index=0;
  63   1      }
  64                                  
  65          void uart_inter() interrupt 4
  66          {
  67   1          if(RI) 
  68   1          {
  69   2                      buf_rxd[rxd_index++]=SBUF;
  70   2                  RI=0;
  71   2                      cnt=0;
  72   2                  rxd_flag=1;
  73   2      
  74   2                      if(RXD_MAX==rxd_index) 
  75   2                      {
  76   3                          rxd_overflow=1;      //标记溢出
  77   3                              buf_rxd[19]='\0';
  78   3                      }
  79   2          }
  80   1      
  81   1          if(TI)
  82   1          {
  83   2              txd_flag=0;
  84   2                  TI=0;
  85   2          }
  86   1      }
  87            
  88          void uart_monitor()                                       //串口空闲检测，在定时器中调用
  89          {
  90   1              if(rxd_flag) cnt++;                               //串口1超时判定
  91   1              if(cnt>8)
  92   1              {
  93   2                  cnt=0;
  94   2                  rxd_flag=0;
  95   2                      if(buf_rxd[rxd_index-1]!='\0') buf_rxd[rxd_index]='\0';
  96   2                      rxd_complete=1;
  97   2              }                                 
  98   1      }                                                                                          
  99          
 100          /*
 101          extern void uart_action(unsigned char *buf,unsigned char len);            //串口动作
 102          */


MODULE INFORMATION:   STATIC OVERLAYABLE
   CODE SIZE        =    373    ----
   CONSTANT SIZE    =   ----    ----
   XDATA SIZE       =      4       8
   PDATA SIZE       =     30    ----
   DATA SIZE        =   ----    ----
   IDATA SIZE       =   ----    ----
   BIT SIZE         =      4    ----
END OF MODULE INFORMATION.


C51 COMPILATION COMPLETE.  0 WARNING(S),  0 ERROR(S)
