C51 COMPILER V9.01   КьЭ_вы_ы                                                              08/26/2019 21:48:38 PAGE 1   


C51 COMPILER V9.01, COMPILATION OF MODULE КьЭ_вы_ы
OBJECT MODULE PLACED IN КьЭтвыТы.obj
COMPILER INVOKED BY: D:\Program Files\Keil\C51\BIN\C51.EXE driver+user\КьЭтвыТы.c BROWSE DEBUG OBJECTEXTEND PRINT(.\КьЭт
                    -выТы.lst) OBJECT(КьЭтвыТы.obj)

line level    source

   1          #ifndef _HW_C
   2          #define _HW_C
   3          
   4          #include "config.h"
   5          #include "КьЭтвыТы.h"
   6          
   7          #endif
   8          
   9          unsigned char code vs_code[]={
  10              104,48,24,122,16,56,90,66,74,82,
  11                  2,194,          //Т§НјПьНј
  12                  168,144,                //-  +
  13                  98,             //mode
  14                  226             //mute
  15              };
  16          


MODULE INFORMATION:   STATIC OVERLAYABLE
   CODE SIZE        =   ----    ----
   CONSTANT SIZE    =     16    ----
   XDATA SIZE       =   ----    ----
   PDATA SIZE       =   ----    ----
   DATA SIZE        =   ----    ----
   IDATA SIZE       =   ----    ----
   BIT SIZE         =   ----    ----
END OF MODULE INFORMATION.


C51 COMPILATION COMPLETE.  0 WARNING(S),  0 ERROR(S)
