C51 COMPILER V9.54   ISP_IAP_STC15W4K32S4                                                  01/27/2020 20:54:00 PAGE 1   


C51 COMPILER V9.54, COMPILATION OF MODULE ISP_IAP_STC15W4K32S4
OBJECT MODULE PLACED IN ..\object\ISP_IAP_STC15W4K32S4.obj
COMPILER INVOKED BY: D:\Keil_v5\C51\BIN\C51.EXE ..\drivers\src\ISP_IAP_STC15W4K32S4.c LARGE OPTIMIZE(8,SPEED) BROWSE INC
                    -DIR(..\user\inc;..\drivers\inc;..\main) DEBUG OBJECTEXTEND PRINT(..\listing\ISP_IAP_STC15W4K32S4.lst) TABS(2) OBJECT(..\
                    -object\ISP_IAP_STC15W4K32S4.obj)

line level    source

   1          #ifndef _ISP_IAP_C
   2          #define _ISP_IAP_C
   3          
   4          #include "config.h"
   5          #include "ISP_IAP.h"
   6          
   7          #endif
   8          
   9          void ISP_IAP_enable()
  10          {
  11   1          EA=0;
  12   1          IAP_CONTR&=0x18;
  13   1          IAP_CONTR|=0x82;
  14   1      } 
  15          
  16          void ISP_IAP_disable()
  17          {
  18   1          IAP_CONTR&=0x7f;
  19   1          IAP_TRIG=0x00;
  20   1          EA=1;
  21   1      }
  22          
  23          void IAPgoon()                    //IAP´¥·¢Æ÷
  24          {
  25   1          ISP_IAP_enable();
  26   1          IAP_TRIG=0x5a;
  27   1          IAP_TRIG=0xa5;
  28   1          _nop_();
  29   1      }
  30          
  31          unsigned char rom_byte_read(unsigned int addr)
  32          {
  33   1          IAP_ADDRH=(unsigned char)(addr>>8);
  34   1          IAP_ADDRL=(unsigned char)(addr&0xff);
  35   1          IAP_CMD&=0xfc;
  36   1          IAP_CMD|=0x01;
  37   1          IAPgoon();
  38   1          ISP_IAP_disable();
  39   1          return (IAP_DATA);
  40   1      }
  41          
  42          void rom_byte_write(unsigned int addr,unsigned char dat)
  43          {
  44   1          IAP_ADDRH=(unsigned char)(addr>>8);
  45   1          IAP_ADDRL=(unsigned char)(addr&0xff);
  46   1          IAP_CMD&=0xfc;
  47   1          IAP_CMD|=0x02;
  48   1          IAP_DATA=dat;
  49   1          IAPgoon();
  50   1          ISP_IAP_disable();
  51   1      }
  52          
  53          void rom_sector_erase(unsigned int addr)
C51 COMPILER V9.54   ISP_IAP_STC15W4K32S4                                                  01/27/2020 20:54:00 PAGE 2   

  54          {
  55   1          IAP_ADDRH=(unsigned char)((addr&0xfe00)>>8);
  56   1          IAP_ADDRL=0x00;
  57   1          IAP_CMD&=0xfc;
  58   1          IAP_CMD|=0x03;
  59   1          IAPgoon();
  60   1          ISP_IAP_disable();
  61   1      }


MODULE INFORMATION:   STATIC OVERLAYABLE
   CODE SIZE        =    100    ----
   CONSTANT SIZE    =   ----    ----
   XDATA SIZE       =   ----    ----
   PDATA SIZE       =   ----    ----
   DATA SIZE        =   ----    ----
   IDATA SIZE       =   ----    ----
   BIT SIZE         =   ----    ----
END OF MODULE INFORMATION.


C51 COMPILATION COMPLETE.  0 WARNING(S),  0 ERROR(S)
