C51 COMPILER V9.54   PWM                                                                   01/27/2020 20:54:00 PAGE 1   


C51 COMPILER V9.54, COMPILATION OF MODULE PWM
OBJECT MODULE PLACED IN ..\object\pwm.obj
COMPILER INVOKED BY: D:\Keil_v5\C51\BIN\C51.EXE ..\drivers\src\pwm.c LARGE OPTIMIZE(8,SPEED) BROWSE INCDIR(..\user\inc;.
                    -.\drivers\inc;..\main) DEBUG OBJECTEXTEND PRINT(..\listing\pwm.lst) TABS(2) OBJECT(..\object\pwm.obj)

line level    source

   1          #ifndef _PWM_C
   2          #define _PWM_C
   3          
   4          #include "config.h"
   5          #include "pwm.h"
   6          
   7          #endif
   8          
   9          unsigned char pwm_state;
  10          bit rgb_change=1;
  11          
  12          void pwm3_config(unsigned int b_dc)
  13          {        
  14   1        PWM3T1=0X0000;    //两次翻转
  15   1        PWM3T2=b_dc;
  16   1      
  17   1        PWM3CR=0X00;    //输出管脚2.1，关闭所有pwm3中断使能        
  18   1      }
  19          
  20          void pwm4_config(unsigned int r_dc)
  21          {
  22   1        PWM4T1=0X0000;    //两次翻转
  23   1        PWM4T2=r_dc;
  24   1      
  25   1        PWM4CR=0X00;    //输出管脚2.2，关闭所有pwm4中断使能        
  26   1      }
  27          
  28          void pwm5_config(unsigned int g_dc)
  29          {
  30   1        PWM5T1=0X0000;    //两次翻转
  31   1        PWM5T2=g_dc;
  32   1      
  33   1        PWM5CR=0X00;    //输出管脚2.3，关闭所有pwm5中断使能        
  34   1      }
  35          
  36          void ini_pwm(unsigned char mode)
  37          {
  38   1          P_SW2|=0X80;     //访问拓展RAM
  39   1      
  40   1          if(mode!=1)
  41   1        {
  42   2            P2M1=0;
  43   2        
  44   2          PWMCFG=0X0e;       //ADC与初始电平
  45   2            PWMC=0x8000/mode;  //周期 
  46   2            PWMCKS=mode;       //时钟16分频
  47   2      
  48   2            PWMCR=0XCE;      //PWM输出，归零中断，使能PWM3、4、5
  49   2        }
  50   1      
  51   1        else
  52   1        {
  53   2            P2M1=0X0E;
  54   2        }
C51 COMPILER V9.54   PWM                                                                   01/27/2020 20:54:00 PAGE 2   

  55   1        
  56   1          P_SW2&=~0X80;    //做个了断
  57   1      }


MODULE INFORMATION:   STATIC OVERLAYABLE
   CODE SIZE        =    101    ----
   CONSTANT SIZE    =   ----    ----
   XDATA SIZE       =      1    ----
   PDATA SIZE       =   ----    ----
   DATA SIZE        =   ----    ----
   IDATA SIZE       =   ----    ----
   BIT SIZE         =      1    ----
END OF MODULE INFORMATION.


C51 COMPILATION COMPLETE.  0 WARNING(S),  0 ERROR(S)
